  CCoinItem.cpp
C:\Users\syjsh\OneDrive\바탕 화면\work\포트폴리오\WinApiProject\WinAPI\CGameManager.h(13,24): warning C4244: '초기화 중': 'float'에서 'const int'(으)로 변환하면서 데이터가 손실될 수 있습니다.
  CEndPointItem.cpp
C:\Users\syjsh\OneDrive\바탕 화면\work\포트폴리오\WinApiProject\WinAPI\CGameManager.h(13,24): warning C4244: '초기화 중': 'float'에서 'const int'(으)로 변환하면서 데이터가 손실될 수 있습니다.
  CEngine.cpp
C:\Users\syjsh\OneDrive\바탕 화면\work\포트폴리오\WinApiProject\WinAPI\CGameManager.h(13,24): warning C4244: '초기화 중': 'float'에서 'const int'(으)로 변환하면서 데이터가 손실될 수 있습니다.
C:\Users\syjsh\OneDrive\바탕 화면\work\포트폴리오\WinApiProject\WinAPI\CEngine.cpp(151,19): warning C4838: 'UINT'에서 'LONG'(으)로의 변환에는 축소 변환이 필요합니다.
C:\Users\syjsh\OneDrive\바탕 화면\work\포트폴리오\WinApiProject\WinAPI\CEngine.cpp(151,27): warning C4838: 'UINT'에서 'LONG'(으)로의 변환에는 축소 변환이 필요합니다.
  CGameManager.cpp
C:\Users\syjsh\OneDrive\바탕 화면\work\포트폴리오\WinApiProject\WinAPI\CGameManager.h(13,24): warning C4244: '초기화 중': 'float'에서 'const int'(으)로 변환하면서 데이터가 손실될 수 있습니다.
  CGemItem.cpp
C:\Users\syjsh\OneDrive\바탕 화면\work\포트폴리오\WinApiProject\WinAPI\CGameManager.h(13,24): warning C4244: '초기화 중': 'float'에서 'const int'(으)로 변환하면서 데이터가 손실될 수 있습니다.
  CLevel_Start.cpp
  CPlayer.cpp
C:\Users\syjsh\OneDrive\바탕 화면\work\포트폴리오\WinApiProject\WinAPI\CGameManager.h(13,24): warning C4244: '초기화 중': 'float'에서 'const int'(으)로 변환하면서 데이터가 손실될 수 있습니다.
  CTrap.cpp
C:\Users\syjsh\OneDrive\바탕 화면\work\포트폴리오\WinApiProject\WinAPI\CGameManager.h(13,24): warning C4244: '초기화 중': 'float'에서 'const int'(으)로 변환하면서 데이터가 손실될 수 있습니다.
  CTrapFire.cpp
C:\Users\syjsh\OneDrive\바탕 화면\work\포트폴리오\WinApiProject\WinAPI\CGameManager.h(13,24): warning C4244: '초기화 중': 'float'에서 'const int'(으)로 변환하면서 데이터가 손실될 수 있습니다.
C:\Users\syjsh\OneDrive\바탕 화면\work\포트폴리오\WinApiProject\WinAPI\CTrapFire.cpp(64,58): warning C4244: '인수': 'float'에서 'int'(으)로 변환하면서 데이터가 손실될 수 있습니다.
C:\Users\syjsh\OneDrive\바탕 화면\work\포트폴리오\WinApiProject\WinAPI\CTrapFire.cpp(64,38): warning C4244: '인수': 'float'에서 'int'(으)로 변환하면서 데이터가 손실될 수 있습니다.
C:\Users\syjsh\OneDrive\바탕 화면\work\포트폴리오\WinApiProject\WinAPI\CTrapFire.cpp(73,58): warning C4244: '인수': 'float'에서 'int'(으)로 변환하면서 데이터가 손실될 수 있습니다.
C:\Users\syjsh\OneDrive\바탕 화면\work\포트폴리오\WinApiProject\WinAPI\CTrapFire.cpp(73,38): warning C4244: '인수': 'float'에서 'int'(으)로 변환하면서 데이터가 손실될 수 있습니다.
  CTrapSaw.cpp
C:\Users\syjsh\OneDrive\바탕 화면\work\포트폴리오\WinApiProject\WinAPI\CGameManager.h(13,24): warning C4244: '초기화 중': 'float'에서 'const int'(으)로 변환하면서 데이터가 손실될 수 있습니다.
  CTrapSpike.cpp
C:\Users\syjsh\OneDrive\바탕 화면\work\포트폴리오\WinApiProject\WinAPI\CGameManager.h(13,24): warning C4244: '초기화 중': 'float'에서 'const int'(으)로 변환하면서 데이터가 손실될 수 있습니다.
C:\Users\syjsh\OneDrive\바탕 화면\work\포트폴리오\WinApiProject\WinAPI\CTrapSpike.cpp(37,56): warning C4244: '인수': 'float'에서 'int'(으)로 변환하면서 데이터가 손실될 수 있습니다.
C:\Users\syjsh\OneDrive\바탕 화면\work\포트폴리오\WinApiProject\WinAPI\CTrapSpike.cpp(37,37): warning C4244: '인수': 'float'에서 'int'(으)로 변환하면서 데이터가 손실될 수 있습니다.
  코드를 생성하고 있습니다.
  Previous IPDB and IOBJ mismatch, fall back to full compilation.
  All 2518 functions were compiled because no usable IPDB/IOBJ from previous compilation was found.
  코드를 생성했습니다.
  WinAPI.vcxproj -> C:\Users\syjsh\OneDrive\바탕 화면\work\포트폴리오\WinApiProject\OutputFile\bin\WinAPI.exe
